<?xml version="1.0" encoding="UTF-8"?>
<!-- Generated by org.testng.reporters.JUnitXMLReporter -->
<testsuite hostname="DESKTOP-MUUF13S" ignored="4" name="Test" tests="3" failures="1" timestamp="29 Jan 2022 03:47:23 GMT" time="11.701" errors="0">
  <testcase name="verifyLogin" time="6.543" classname="testCase.TC001Login">
    <failure type="java.lang.AssertionError" message="expected [Zero -Account Summary] but found [Zero - Account Summary]">
      <![CDATA[java.lang.AssertionError: expected [Zero -Account Summary] but found [Zero - Account Summary]
	at testCase.TC001Login.verifyLogin(TC001Login.java:30)
... Removed 31 stack frames]]>
    </failure>
  </testcase> <!-- verifyLogin -->
  <testcase name="AddPayee" time="1.911" classname="testCase.TC002AddNewPayee"/>
  <testcase name="payBillSprint" time="2.017" classname="testCase.TC003PayBillSprint"/>
  <testcase name="@AfterSuite tearDown" time="0.0" classname="base.BaseClass">
    <ignored/>
  </testcase> <!-- @AfterSuite tearDown -->
  <testcase name="@AfterSuite tearDown" time="0.0" classname="base.BaseClass">
    <ignored/>
  </testcase> <!-- @AfterSuite tearDown -->
  <testcase name="@BeforeSuite init" time="0.0" classname="base.BaseClass">
    <ignored/>
  </testcase> <!-- @BeforeSuite init -->
  <testcase name="@BeforeSuite init" time="0.0" classname="base.BaseClass">
    <ignored/>
  </testcase> <!-- @BeforeSuite init -->
</testsuite> <!-- Test -->
